{"name": "test_fill_order_form[test_input1]", "status": "broken", "statusDetails": {"message": "selenium.common.exceptions.TimeoutException: Message: Not found ('xpath', \"//div[@class='react-datepicker__day react-datepicker__day--030']\")\nStacktrace:\nRemoteError@chrome://remote/content/shared/RemoteError.sys.mjs:8:8\nWebDriverError@chrome://remote/content/shared/webdriver/Errors.sys.mjs:193:5\nNoSuchElementError@chrome://remote/content/shared/webdriver/Errors.sys.mjs:511:5\ndom.find/</<@chrome://remote/content/shared/DOM.sys.mjs:136:16", "trace": "self = <test_order_page.TestOrderPage object at 0x0000016BE2A22AD0>\ntest_input = {'address': 'улица Ленина, дом 21', 'comment': 'Спасибо', 'name': 'Мария', 'phone_number': '78008008080', ...}\ndriver = <selenium.webdriver.firefox.webdriver.WebDriver (session=\"14104785-d106-4459-b850-043959bd37f3\")>\n\n    @pytest.mark.parametrize(\"test_input\", [(OrderTestData.CASE_1), (OrderTestData.CASE_2)])\n    def test_fill_order_form(self, test_input, driver):\n        data = test_input\n        main_page = MainPage(driver)\n        main_page.go_to_site(URLS.SCOOTER_SITE)\n        main_page.accept_cookies()\n        main_page.click_order_button(MainPageLocators.ORDER_BUTTON_HEADER)\n        order_page = OrderPage(driver)\n        order_page.set_name(data[\"name\"])\n        order_page.set_surname(data[\"surname\"])\n        order_page.set_address(data[\"address\"])\n        order_page.select_metro_station()\n        order_page.find_element_located(OrderPageLocators.CHERKIZOVSKAYA_METRO_STATION).click()\n        order_page.set_phone_number(data[\"phone_number\"])\n        order_page.click_next_button()\n        order_page.select_delivery_day()\n>       order_page.find_element_located(OrderPageLocators.OCTOBER_DATE_30).click()\n\ntests\\test_order_page.py:33: \n_ _ _ _ _ _ _ _ _ _ _ _ _ _ _ _ _ _ _ _ _ _ _ _ _ _ _ _ _ _ _ _ _ _ _ _ _ _ _ _ _ _ _ _ _ _ _ _ _ _ _ _ _ _ _ _ _ _ _ _ _ _ _ _ _ _ _ _ _ _ _ _ _ _ _ _ _ _ _ _ \npage_object\\base_page.py:13: in find_element_located\n    return WebDriverWait(self.driver, time).until(EC.presence_of_element_located(locator), message=f'Not found {locator}')\n_ _ _ _ _ _ _ _ _ _ _ _ _ _ _ _ _ _ _ _ _ _ _ _ _ _ _ _ _ _ _ _ _ _ _ _ _ _ _ _ _ _ _ _ _ _ _ _ _ _ _ _ _ _ _ _ _ _ _ _ _ _ _ _ _ _ _ _ _ _ _ _ _ _ _ _ _ _ _ _ \n\nself = <selenium.webdriver.support.wait.WebDriverWait (session=\"14104785-d106-4459-b850-043959bd37f3\")>\nmethod = <function presence_of_element_located.<locals>._predicate at 0x0000016BE2B3CCC0>\nmessage = 'Not found (\\'xpath\\', \"//div[@class=\\'react-datepicker__day react-datepicker__day--030\\']\")'\n\n    def until(self, method: Callable[[D], Union[Literal[False], T]], message: str = \"\") -> T:\n        \"\"\"Calls the method provided with the driver as an argument until the \\\n        return value does not evaluate to ``False``.\n    \n        :param method: callable(WebDriver)\n        :param message: optional message for :exc:`TimeoutException`\n        :returns: the result of the last call to `method`\n        :raises: :exc:`selenium.common.exceptions.TimeoutException` if timeout occurs\n        \"\"\"\n        screen = None\n        stacktrace = None\n    \n        end_time = time.monotonic() + self._timeout\n        while True:\n            try:\n                value = method(self._driver)\n                if value:\n                    return value\n            except self._ignored_exceptions as exc:\n                screen = getattr(exc, \"screen\", None)\n                stacktrace = getattr(exc, \"stacktrace\", None)\n            time.sleep(self._poll)\n            if time.monotonic() > end_time:\n                break\n>       raise TimeoutException(message, screen, stacktrace)\nE       selenium.common.exceptions.TimeoutException: Message: Not found ('xpath', \"//div[@class='react-datepicker__day react-datepicker__day--030']\")\nE       Stacktrace:\nE       RemoteError@chrome://remote/content/shared/RemoteError.sys.mjs:8:8\nE       WebDriverError@chrome://remote/content/shared/webdriver/Errors.sys.mjs:193:5\nE       NoSuchElementError@chrome://remote/content/shared/webdriver/Errors.sys.mjs:511:5\nE       dom.find/</<@chrome://remote/content/shared/DOM.sys.mjs:136:16\n\n.venv\\Lib\\site-packages\\selenium\\webdriver\\support\\wait.py:105: TimeoutException"}, "parameters": [{"name": "test_input", "value": "{'name': 'Мария', 'surname': 'Петров', 'address': 'улица Ленина, дом 21', 'phone_number': '78008008080', 'scooter_color': ('xpath', \"//input[@id='grey']\"), 'comment': 'Спасибо'}"}], "start": 1730272394729, "stop": 1730272408657, "uuid": "5300909a-775e-4d9f-95ac-b9f97a7099a6", "historyId": "b9e22261650bdb389cd5169fd797388f", "testCaseId": "907f91d99183b5916f5f94a706fa471d", "fullName": "tests.test_order_page.TestOrderPage#test_fill_order_form", "labels": [{"name": "parentSuite", "value": "tests"}, {"name": "suite", "value": "test_order_page"}, {"name": "subSuite", "value": "TestOrderPage"}, {"name": "host", "value": "DESKTOP-15VMVI4"}, {"name": "thread", "value": "65516-MainThread"}, {"name": "framework", "value": "pytest"}, {"name": "language", "value": "cpython3"}, {"name": "package", "value": "tests.test_order_page"}]}